\BOOKMARK [0][-]{chapter.1}{\376\377\000I\000n\000t\000r\000o\000d\000u\000c\000t\000i\000o\000n}{}% 1
\BOOKMARK [0][-]{chapter.2}{\376\377\000A\000r\000c\000h\000i\000t\000e\000c\000t\000u\000r\000e\000\040\000G\000l\000o\000b\000a\000l\000e}{}% 2
\BOOKMARK [1][-]{section.2.1}{\376\377\000S\000t\000a\000c\000k\000\040\000T\000e\000c\000h\000n\000i\000q\000u\000e}{chapter.2}% 3
\BOOKMARK [0][-]{chapter.3}{\376\377\000P\000a\000g\000e\000s\000\040\000P\000u\000b\000l\000i\000q\000u\000e\000s}{}% 4
\BOOKMARK [1][-]{section.3.1}{\376\377\000A\000c\000c\000u\000e\000i\000l}{chapter.3}% 5
\BOOKMARK [2][-]{subsection.3.1.1}{\376\377\000F\000o\000n\000c\000t\000i\000o\000n\000n\000a\000l\000i\000t\000\351\000s}{section.3.1}% 6
\BOOKMARK [2][-]{subsection.3.1.2}{\376\377\000T\000e\000c\000h\000n\000o\000l\000o\000g\000i\000e\000s\000\040\000U\000t\000i\000l\000i\000s\000\351\000e\000s}{section.3.1}% 7
\BOOKMARK [2][-]{subsection.3.1.3}{\376\377\000E\000x\000t\000r\000a\000i\000t\000\040\000d\000e\000\040\000C\000o\000d\000e}{section.3.1}% 8
\BOOKMARK [1][-]{section.3.2}{\376\377\000P\000r\000o\000j\000e\000t\000s}{chapter.3}% 9
\BOOKMARK [2][-]{subsection.3.2.1}{\376\377\000F\000o\000n\000c\000t\000i\000o\000n\000n\000a\000l\000i\000t\000\351\000s}{section.3.2}% 10
\BOOKMARK [2][-]{subsection.3.2.2}{\376\377\000T\000e\000c\000h\000n\000o\000l\000o\000g\000i\000e\000s\000\040\000U\000t\000i\000l\000i\000s\000\351\000e\000s}{section.3.2}% 11
\BOOKMARK [2][-]{subsection.3.2.3}{\376\377\000E\000x\000t\000r\000a\000i\000t\000\040\000d\000e\000\040\000C\000o\000d\000e}{section.3.2}% 12
\BOOKMARK [1][-]{section.3.3}{\376\377\000F\000o\000r\000m\000a\000t\000i\000o\000n\000s}{chapter.3}% 13
\BOOKMARK [2][-]{subsection.3.3.1}{\376\377\000F\000o\000n\000c\000t\000i\000o\000n\000n\000a\000l\000i\000t\000\351\000s}{section.3.3}% 14
\BOOKMARK [2][-]{subsection.3.3.2}{\376\377\000T\000e\000c\000h\000n\000o\000l\000o\000g\000i\000e\000s\000\040\000U\000t\000i\000l\000i\000s\000\351\000e\000s}{section.3.3}% 15
\BOOKMARK [2][-]{subsection.3.3.3}{\376\377\000E\000x\000t\000r\000a\000i\000t\000\040\000d\000e\000\040\000C\000o\000d\000e}{section.3.3}% 16
\BOOKMARK [1][-]{section.3.4}{\376\377\000C\000o\000n\000t\000a\000c\000t}{chapter.3}% 17
\BOOKMARK [2][-]{subsection.3.4.1}{\376\377\000F\000o\000n\000c\000t\000i\000o\000n\000n\000a\000l\000i\000t\000\351\000s}{section.3.4}% 18
\BOOKMARK [2][-]{subsection.3.4.2}{\376\377\000T\000e\000c\000h\000n\000o\000l\000o\000g\000i\000e\000s\000\040\000U\000t\000i\000l\000i\000s\000\351\000e\000s}{section.3.4}% 19
\BOOKMARK [2][-]{subsection.3.4.3}{\376\377\000E\000x\000t\000r\000a\000i\000t\000\040\000d\000e\000\040\000C\000o\000d\000e}{section.3.4}% 20
\BOOKMARK [0][-]{chapter.4}{\376\377\000S\000e\000c\000t\000i\000o\000n\000\040\000A\000d\000m\000i\000n}{}% 21
\BOOKMARK [1][-]{section.4.1}{\376\377\000D\000a\000s\000h\000b\000o\000a\000r\000d}{chapter.4}% 22
\BOOKMARK [2][-]{subsection.4.1.1}{\376\377\000F\000o\000n\000c\000t\000i\000o\000n\000n\000a\000l\000i\000t\000\351\000s}{section.4.1}% 23
\BOOKMARK [2][-]{subsection.4.1.2}{\376\377\000T\000e\000c\000h\000n\000o\000l\000o\000g\000i\000e\000s\000\040\000U\000t\000i\000l\000i\000s\000\351\000e\000s}{section.4.1}% 24
\BOOKMARK [2][-]{subsection.4.1.3}{\376\377\000E\000x\000t\000r\000a\000i\000t\000\040\000d\000e\000\040\000C\000o\000d\000e}{section.4.1}% 25
\BOOKMARK [1][-]{section.4.2}{\376\377\000L\000o\000g\000i\000n}{chapter.4}% 26
\BOOKMARK [2][-]{subsection.4.2.1}{\376\377\000F\000o\000n\000c\000t\000i\000o\000n\000n\000a\000l\000i\000t\000\351\000s}{section.4.2}% 27
\BOOKMARK [2][-]{subsection.4.2.2}{\376\377\000T\000e\000c\000h\000n\000o\000l\000o\000g\000i\000e\000s\000\040\000U\000t\000i\000l\000i\000s\000\351\000e\000s}{section.4.2}% 28
\BOOKMARK [2][-]{subsection.4.2.3}{\376\377\000E\000x\000t\000r\000a\000i\000t\000\040\000d\000e\000\040\000C\000o\000d\000e}{section.4.2}% 29
\BOOKMARK [0][-]{chapter.5}{\376\377\000B\000o\000n\000n\000e\000s\000\040\000P\000r\000a\000t\000i\000q\000u\000e\000s}{}% 30
\BOOKMARK [1][-]{section.5.1}{\376\377\000C\000y\000b\000e\000r\000s\000\351\000c\000u\000r\000i\000t\000\351}{chapter.5}% 31
\BOOKMARK [1][-]{section.5.2}{\376\377\000O\000p\000t\000i\000m\000i\000s\000a\000t\000i\000o\000n}{chapter.5}% 32
\BOOKMARK [1][-]{section.5.3}{\376\377\000M\000a\000i\000n\000t\000e\000n\000a\000b\000i\000l\000i\000t\000\351}{chapter.5}% 33
\BOOKMARK [0][-]{chapter.6}{\376\377\000C\000o\000n\000c\000l\000u\000s\000i\000o\000n}{}% 34
